# JRE version: OpenJDK Runtime Environment (11.0.11+9) (build 11.0.11+9-b60-7590822)
# Java VM: OpenJDK 64-Bit Server VM (11.0.11+9-b60-7590822, mixed mode, tiered, compressed oops, g1 gc, windows-amd64)
Heap:
 garbage-first heap   total 379904K, used 219639K [0x0000000080000000, 0x0000000100000000)
  region size 1024K, 11 young (11264K), 4 survivors (4096K)
 Metaspace       used 218537K, capacity 223756K, committed 223892K, reserved 1243136K
  class space    used 28039K, capacity 29992K, committed 30028K, reserved 1048576K
GC Heap History (20 events):
Event: 3039.725 GC heap before
{Heap before GC invocations=201 (full 0):
 garbage-first heap   total 379904K, used 216810K [0x0000000080000000, 0x0000000100000000)
  region size 1024K, 18 young (18432K), 3 survivors (3072K)
 Metaspace       used 218185K, capacity 223372K, committed 223636K, reserved 1243136K
  class space    used 28027K, capacity 29946K, committed 30028K, reserved 1048576K
}
Event: 3039.784 GC heap after
{Heap after GC invocations=202 (full 0):
 garbage-first heap   total 379904K, used 197091K [0x0000000080000000, 0x0000000100000000)
  region size 1024K, 1 young (1024K), 1 survivors (1024K)
 Metaspace       used 218185K, capacity 223372K, committed 223636K, reserved 1243136K
  class space    used 28027K, capacity 29946K, committed 30028K, reserved 1048576K
}
Event: 3043.891 GC heap before
{Heap before GC invocations=202 (full 0):
 garbage-first heap   total 379904K, used 322019K [0x0000000080000000, 0x0000000100000000)
  region size 1024K, 123 young (125952K), 1 survivors (1024K)
 Metaspace       used 218278K, capacity 223447K, committed 223636K, reserved 1243136K
  class space    used 28031K, capacity 29949K, committed 30028K, reserved 1048576K
}
Event: 3043.916 GC heap after
{Heap after GC invocations=203 (full 0):
 garbage-first heap   total 379904K, used 199164K [0x0000000080000000, 0x0000000100000000)
  region size 1024K, 3 young (3072K), 3 survivors (3072K)
 Metaspace       used 218278K, capacity 223447K, committed 223636K, reserved 1243136K
  class space    used 28031K, capacity 29949K, committed 30028K, reserved 1048576K
}
Event: 3051.962 GC heap before
{Heap before GC invocations=204 (full 0):
 garbage-first heap   total 379904K, used 323068K [0x0000000080000000, 0x0000000100000000)
  region size 1024K, 124 young (126976K), 3 survivors (3072K)
 Metaspace       used 218394K, capacity 223599K, committed 223892K, reserved 1243136K
  class space    used 28034K, capacity 29986K, committed 30028K, reserved 1048576K
}
Event: 3051.985 GC heap after
{Heap after GC invocations=205 (full 0):
 garbage-first heap   total 379904K, used 199707K [0x0000000080000000, 0x0000000100000000)
  region size 1024K, 4 young (4096K), 4 survivors (4096K)
 Metaspace       used 218394K, capacity 223599K, committed 223892K, reserved 1243136K
  class space    used 28034K, capacity 29986K, committed 30028K, reserved 1048576K
}
Event: 3052.240 GC heap before
{Heap before GC invocations=205 (full 0):
 garbage-first heap   total 379904K, used 214043K [0x0000000080000000, 0x0000000100000000)
  region size 1024K, 18 young (18432K), 4 survivors (4096K)
 Metaspace       used 218397K, capacity 223599K, committed 223892K, reserved 1243136K
  class space    used 28034K, capacity 29986K, committed 30028K, reserved 1048576K
}
Event: 3052.263 GC heap after
{Heap after GC invocations=206 (full 0):
 garbage-first heap   total 379904K, used 194560K [0x0000000080000000, 0x0000000100000000)
  region size 1024K, 1 young (1024K), 1 survivors (1024K)
 Metaspace       used 218397K, capacity 223599K, committed 223892K, reserved 1243136K
  class space    used 28034K, capacity 29986K, committed 30028K, reserved 1048576K
}
Event: 3054.349 GC heap before
{Heap before GC invocations=206 (full 0):
 garbage-first heap   total 379904K, used 322560K [0x0000000080000000, 0x0000000100000000)
  region size 1024K, 126 young (129024K), 1 survivors (1024K)
 Metaspace       used 218439K, capacity 223674K, committed 223892K, reserved 1243136K
  class space    used 28036K, capacity 29989K, committed 30028K, reserved 1048576K
}
Event: 3054.368 GC heap after
{Heap after GC invocations=207 (full 0):
 garbage-first heap   total 379904K, used 196437K [0x0000000080000000, 0x0000000100000000)
  region size 1024K, 3 young (3072K), 3 survivors (3072K)
 Metaspace       used 218439K, capacity 223674K, committed 223892K, reserved 1243136K
  class space    used 28036K, capacity 29989K, committed 30028K, reserved 1048576K
}
Event: 3056.904 GC heap before
{Heap before GC invocations=208 (full 0):
 garbage-first heap   total 379904K, used 325461K [0x0000000080000000, 0x0000000100000000)
  region size 1024K, 129 young (132096K), 3 survivors (3072K)
 Metaspace       used 218452K, capacity 223681K, committed 223892K, reserved 1243136K
  class space    used 28038K, capacity 29991K, committed 30028K, reserved 1048576K
}
Event: 3056.926 GC heap after
{Heap after GC invocations=209 (full 0):
 garbage-first heap   total 379904K, used 201373K [0x0000000080000000, 0x0000000100000000)
  region size 1024K, 8 young (8192K), 8 survivors (8192K)
 Metaspace       used 218452K, capacity 223681K, committed 223892K, reserved 1243136K
  class space    used 28038K, capacity 29991K, committed 30028K, reserved 1048576K
}
Event: 3057.048 GC heap before
{Heap before GC invocations=209 (full 0):
 garbage-first heap   total 379904K, used 210589K [0x0000000080000000, 0x0000000100000000)
  region size 1024K, 18 young (18432K), 8 survivors (8192K)
 Metaspace       used 218452K, capacity 223681K, committed 223892K, reserved 1243136K
  class space    used 28038K, capacity 29991K, committed 30028K, reserved 1048576K
}
Event: 3057.075 GC heap after
{Heap after GC invocations=210 (full 0):
 garbage-first heap   total 379904K, used 198170K [0x0000000080000000, 0x0000000100000000)
  region size 1024K, 2 young (2048K), 2 survivors (2048K)
 Metaspace       used 218452K, capacity 223681K, committed 223892K, reserved 1243136K
  class space    used 28038K, capacity 29991K, committed 30028K, reserved 1048576K
}
Event: 3061.304 GC heap before
{Heap before GC invocations=210 (full 0):
 garbage-first heap   total 379904K, used 325146K [0x0000000080000000, 0x0000000100000000)
  region size 1024K, 126 young (129024K), 2 survivors (2048K)
 Metaspace       used 218488K, capacity 223686K, committed 223892K, reserved 1243136K
  class space    used 28038K, capacity 29991K, committed 30028K, reserved 1048576K
}
Event: 3061.488 GC heap after
{Heap after GC invocations=211 (full 0):
 garbage-first heap   total 379904K, used 212165K [0x0000000080000000, 0x0000000100000000)
  region size 1024K, 16 young (16384K), 16 survivors (16384K)
 Metaspace       used 218488K, capacity 223686K, committed 223892K, reserved 1243136K
  class space    used 28038K, capacity 29991K, committed 30028K, reserved 1048576K
}
Event: 3067.610 GC heap before
{Heap before GC invocations=212 (full 0):
 garbage-first heap   total 379904K, used 318661K [0x0000000080000000, 0x0000000100000000)
  region size 1024K, 120 young (122880K), 16 survivors (16384K)
 Metaspace       used 218526K, capacity 223756K, committed 223892K, reserved 1243136K
  class space    used 28039K, capacity 29992K, committed 30028K, reserved 1048576K
}
Event: 3067.685 GC heap after
{Heap after GC invocations=213 (full 0):
 garbage-first heap   total 379904K, used 212388K [0x0000000080000000, 0x0000000100000000)
  region size 1024K, 2 young (2048K), 2 survivors (2048K)
 Metaspace       used 218526K, capacity 223756K, committed 223892K, reserved 1243136K
  class space    used 28039K, capacity 29992K, committed 30028K, reserved 1048576K
}
Event: 3068.341 GC heap before
{Heap before GC invocations=213 (full 0):
 garbage-first heap   total 379904K, used 227748K [0x0000000080000000, 0x0000000100000000)
  region size 1024K, 18 young (18432K), 2 survivors (2048K)
 Metaspace       used 218528K, capacity 223756K, committed 223892K, reserved 1243136K
  class space    used 28039K, capacity 29992K, committed 30028K, reserved 1048576K
}
Event: 3068.378 GC heap after
{Heap after GC invocations=214 (full 0):
 garbage-first heap   total 379904K, used 211222K [0x0000000080000000, 0x0000000100000000)
  region size 1024K, 2 young (2048K), 2 survivors (2048K)
 Metaspace       used 218528K, capacity 223756K, committed 223892K, reserved 1243136K
  class space    used 28039K, capacity 29992K, committed 30028K, reserved 1048576K
}

